<?xml version="1.0" encoding="UTF-8"?>
<testsuite name="bootJpaAws.web.PostsApiControllerTest" tests="2" skipped="0" failures="0" errors="0" timestamp="2020-02-04T12:59:19" hostname="JUui-MacBook-Pro15.local" time="0.218">
  <properties/>
  <testcase name="Posts_등록된다" classname="bootJpaAws.web.PostsApiControllerTest" time="0.179"/>
  <testcase name="Posts_수정된다" classname="bootJpaAws.web.PostsApiControllerTest" time="0.038"/>
  <system-out><![CDATA[2020-02-04 21:59:19.789  INFO 5299 --- [    Test worker] .b.t.c.SpringBootTestContextBootstrapper : Neither @ContextConfiguration nor @ContextHierarchy found for test class [bootJpaAws.web.PostsApiControllerTest], using SpringBootContextLoader
2020-02-04 21:59:19.790  INFO 5299 --- [    Test worker] o.s.t.c.support.AbstractContextLoader    : Could not detect default resource locations for test class [bootJpaAws.web.PostsApiControllerTest]: no resource found for suffixes {-context.xml, Context.groovy}.
2020-02-04 21:59:19.791  INFO 5299 --- [    Test worker] t.c.s.AnnotationConfigContextLoaderUtils : Could not detect default configuration classes for test class [bootJpaAws.web.PostsApiControllerTest]: PostsApiControllerTest does not declare any static, non-private, non-final, nested classes annotated with @Configuration.
2020-02-04 21:59:19.793  INFO 5299 --- [    Test worker] .b.t.c.SpringBootTestContextBootstrapper : Found @SpringBootConfiguration bootJpaAws.Application for test class bootJpaAws.web.PostsApiControllerTest
2020-02-04 21:59:19.794  INFO 5299 --- [    Test worker] .b.t.c.SpringBootTestContextBootstrapper : Loaded default TestExecutionListener class names from location [META-INF/spring.factories]: [org.springframework.security.test.context.support.WithSecurityContextTestExecutionListener, org.springframework.security.test.context.support.ReactorContextTestExecutionListener, org.springframework.boot.test.autoconfigure.restdocs.RestDocsTestExecutionListener, org.springframework.boot.test.autoconfigure.web.client.MockRestServiceServerResetTestExecutionListener, org.springframework.boot.test.autoconfigure.web.servlet.MockMvcPrintOnlyOnFailureTestExecutionListener, org.springframework.boot.test.autoconfigure.web.servlet.WebDriverTestExecutionListener, org.springframework.boot.test.mock.mockito.MockitoTestExecutionListener, org.springframework.boot.test.mock.mockito.ResetMocksTestExecutionListener, org.springframework.test.context.web.ServletTestExecutionListener, org.springframework.test.context.support.DirtiesContextBeforeModesTestExecutionListener, org.springframework.test.context.support.DependencyInjectionTestExecutionListener, org.springframework.test.context.support.DirtiesContextTestExecutionListener, org.springframework.test.context.transaction.TransactionalTestExecutionListener, org.springframework.test.context.jdbc.SqlScriptsTestExecutionListener]
2020-02-04 21:59:19.795  INFO 5299 --- [    Test worker] .b.t.c.SpringBootTestContextBootstrapper : Using TestExecutionListeners: [org.springframework.test.context.web.ServletTestExecutionListener@7c84741, org.springframework.test.context.support.DirtiesContextBeforeModesTestExecutionListener@26a75ce5, org.springframework.boot.test.mock.mockito.MockitoTestExecutionListener@56453726, org.springframework.boot.test.autoconfigure.SpringBootDependencyInjectionTestExecutionListener@1d736b1, org.springframework.test.context.support.DirtiesContextTestExecutionListener@44609b85, org.springframework.test.context.transaction.TransactionalTestExecutionListener@58bcb798, org.springframework.test.context.jdbc.SqlScriptsTestExecutionListener@273f47ae, org.springframework.security.test.context.support.WithSecurityContextTestExecutionListener@1f659f46, org.springframework.security.test.context.support.ReactorContextTestExecutionListener@5f19939c, org.springframework.boot.test.autoconfigure.restdocs.RestDocsTestExecutionListener@62a4ff90, org.springframework.boot.test.autoconfigure.web.client.MockRestServiceServerResetTestExecutionListener@3f7bc65d, org.springframework.boot.test.autoconfigure.web.servlet.MockMvcPrintOnlyOnFailureTestExecutionListener@cd7e15b, org.springframework.boot.test.autoconfigure.web.servlet.WebDriverTestExecutionListener@1f41062e, org.springframework.boot.test.mock.mockito.ResetMocksTestExecutionListener@5a5c3229]
2020-02-04 21:59:19.805  INFO 5299 --- [    Test worker] o.a.c.c.C.[Tomcat].[localhost].[/]       : Initializing Spring TestDispatcherServlet ''
2020-02-04 21:59:19.806  INFO 5299 --- [    Test worker] o.s.t.web.servlet.TestDispatcherServlet  : Initializing Servlet ''
2020-02-04 21:59:19.811  INFO 5299 --- [    Test worker] o.s.t.web.servlet.TestDispatcherServlet  : Completed initialization in 5 ms
http://localhost:53189/api/v1/posts
Hibernate: insert into posts (created_date, modified_date, author, content, title) values (?, ?, ?, ?, ?)
Hibernate: select posts0_.id as id1_0_, posts0_.created_date as created_2_0_, posts0_.modified_date as modified3_0_, posts0_.author as author4_0_, posts0_.content as content5_0_, posts0_.title as title6_0_ from posts posts0_
Hibernate: select posts0_.id as id1_0_, posts0_.created_date as created_2_0_, posts0_.modified_date as modified3_0_, posts0_.author as author4_0_, posts0_.content as content5_0_, posts0_.title as title6_0_ from posts posts0_
Hibernate: delete from posts where id=?
2020-02-04 21:59:19.982  INFO 5299 --- [    Test worker] o.a.c.c.C.[Tomcat].[localhost].[/]       : Initializing Spring TestDispatcherServlet ''
2020-02-04 21:59:19.982  INFO 5299 --- [    Test worker] o.s.t.web.servlet.TestDispatcherServlet  : Initializing Servlet ''
2020-02-04 21:59:19.986  INFO 5299 --- [    Test worker] o.s.t.web.servlet.TestDispatcherServlet  : Completed initialization in 4 ms
Hibernate: insert into posts (created_date, modified_date, author, content, title) values (?, ?, ?, ?, ?)
Hibernate: select posts0_.id as id1_0_0_, posts0_.created_date as created_2_0_0_, posts0_.modified_date as modified3_0_0_, posts0_.author as author4_0_0_, posts0_.content as content5_0_0_, posts0_.title as title6_0_0_ from posts posts0_ where posts0_.id=?
Hibernate: update posts set created_date=?, modified_date=?, author=?, content=?, title=? where id=?
Hibernate: select posts0_.id as id1_0_, posts0_.created_date as created_2_0_, posts0_.modified_date as modified3_0_, posts0_.author as author4_0_, posts0_.content as content5_0_, posts0_.title as title6_0_ from posts posts0_
Hibernate: select posts0_.id as id1_0_, posts0_.created_date as created_2_0_, posts0_.modified_date as modified3_0_, posts0_.author as author4_0_, posts0_.content as content5_0_, posts0_.title as title6_0_ from posts posts0_
Hibernate: delete from posts where id=?
]]></system-out>
  <system-err><![CDATA[]]></system-err>
</testsuite>
