<?xml version="1.0" encoding="UTF-8"?>
<testsuite name="bootJpaAws.web.IndexControllerTest" tests="1" skipped="0" failures="0" errors="0" timestamp="2020-02-03T10:30:22" hostname="JUui-MacBook-Pro15.local" time="0.238">
  <properties/>
  <testcase name="메인페이지_로딩" classname="bootJpaAws.web.IndexControllerTest" time="0.238"/>
  <system-out><![CDATA[19:30:17.759 [Test worker] DEBUG org.springframework.test.context.junit4.SpringJUnit4ClassRunner - SpringJUnit4ClassRunner constructor called with [class bootJpaAws.web.IndexControllerTest]
19:30:17.766 [Test worker] DEBUG org.springframework.test.context.BootstrapUtils - Instantiating CacheAwareContextLoaderDelegate from class [org.springframework.test.context.cache.DefaultCacheAwareContextLoaderDelegate]
19:30:17.773 [Test worker] DEBUG org.springframework.test.context.BootstrapUtils - Instantiating BootstrapContext using constructor [public org.springframework.test.context.support.DefaultBootstrapContext(java.lang.Class,org.springframework.test.context.CacheAwareContextLoaderDelegate)]
19:30:17.790 [Test worker] DEBUG org.springframework.test.context.BootstrapUtils - Instantiating TestContextBootstrapper for test class [bootJpaAws.web.IndexControllerTest] from class [org.springframework.boot.test.context.SpringBootTestContextBootstrapper]
19:30:17.800 [Test worker] INFO org.springframework.boot.test.context.SpringBootTestContextBootstrapper - Neither @ContextConfiguration nor @ContextHierarchy found for test class [bootJpaAws.web.IndexControllerTest], using SpringBootContextLoader
19:30:17.802 [Test worker] DEBUG org.springframework.test.context.support.AbstractContextLoader - Did not detect default resource location for test class [bootJpaAws.web.IndexControllerTest]: class path resource [bootJpaAws/web/IndexControllerTest-context.xml] does not exist
19:30:17.803 [Test worker] DEBUG org.springframework.test.context.support.AbstractContextLoader - Did not detect default resource location for test class [bootJpaAws.web.IndexControllerTest]: class path resource [bootJpaAws/web/IndexControllerTestContext.groovy] does not exist
19:30:17.803 [Test worker] INFO org.springframework.test.context.support.AbstractContextLoader - Could not detect default resource locations for test class [bootJpaAws.web.IndexControllerTest]: no resource found for suffixes {-context.xml, Context.groovy}.
19:30:17.804 [Test worker] INFO org.springframework.test.context.support.AnnotationConfigContextLoaderUtils - Could not detect default configuration classes for test class [bootJpaAws.web.IndexControllerTest]: IndexControllerTest does not declare any static, non-private, non-final, nested classes annotated with @Configuration.
19:30:17.837 [Test worker] DEBUG org.springframework.test.context.support.ActiveProfilesUtils - Could not find an 'annotation declaring class' for annotation type [org.springframework.test.context.ActiveProfiles] and class [bootJpaAws.web.IndexControllerTest]
19:30:17.925 [Test worker] DEBUG org.springframework.context.annotation.ClassPathScanningCandidateComponentProvider - Identified candidate component class: file [/Users/jaeuk/development/git/bootJpaAwsPractice/build/classes/java/main/bootJpaAws/Application.class]
19:30:17.926 [Test worker] INFO org.springframework.boot.test.context.SpringBootTestContextBootstrapper - Found @SpringBootConfiguration bootJpaAws.Application for test class bootJpaAws.web.IndexControllerTest
19:30:18.003 [Test worker] DEBUG org.springframework.boot.test.context.SpringBootTestContextBootstrapper - @TestExecutionListeners is not present for class [bootJpaAws.web.IndexControllerTest]: using defaults.
19:30:18.004 [Test worker] INFO org.springframework.boot.test.context.SpringBootTestContextBootstrapper - Loaded default TestExecutionListener class names from location [META-INF/spring.factories]: [org.springframework.boot.test.autoconfigure.restdocs.RestDocsTestExecutionListener, org.springframework.boot.test.autoconfigure.web.client.MockRestServiceServerResetTestExecutionListener, org.springframework.boot.test.autoconfigure.web.servlet.MockMvcPrintOnlyOnFailureTestExecutionListener, org.springframework.boot.test.autoconfigure.web.servlet.WebDriverTestExecutionListener, org.springframework.boot.test.mock.mockito.MockitoTestExecutionListener, org.springframework.boot.test.mock.mockito.ResetMocksTestExecutionListener, org.springframework.test.context.web.ServletTestExecutionListener, org.springframework.test.context.support.DirtiesContextBeforeModesTestExecutionListener, org.springframework.test.context.support.DependencyInjectionTestExecutionListener, org.springframework.test.context.support.DirtiesContextTestExecutionListener, org.springframework.test.context.transaction.TransactionalTestExecutionListener, org.springframework.test.context.jdbc.SqlScriptsTestExecutionListener]
19:30:18.018 [Test worker] INFO org.springframework.boot.test.context.SpringBootTestContextBootstrapper - Using TestExecutionListeners: [org.springframework.test.context.web.ServletTestExecutionListener@3da510a5, org.springframework.test.context.support.DirtiesContextBeforeModesTestExecutionListener@2c5ba42d, org.springframework.boot.test.mock.mockito.MockitoTestExecutionListener@4316f71b, org.springframework.boot.test.autoconfigure.SpringBootDependencyInjectionTestExecutionListener@1920dd28, org.springframework.test.context.support.DirtiesContextTestExecutionListener@c15d691, org.springframework.test.context.transaction.TransactionalTestExecutionListener@7d1e71f2, org.springframework.test.context.jdbc.SqlScriptsTestExecutionListener@944ef65, org.springframework.boot.test.autoconfigure.restdocs.RestDocsTestExecutionListener@1612baf8, org.springframework.boot.test.autoconfigure.web.client.MockRestServiceServerResetTestExecutionListener@349157f5, org.springframework.boot.test.autoconfigure.web.servlet.MockMvcPrintOnlyOnFailureTestExecutionListener@3a0e3174, org.springframework.boot.test.autoconfigure.web.servlet.WebDriverTestExecutionListener@141fde97, org.springframework.boot.test.mock.mockito.ResetMocksTestExecutionListener@17d97396]
19:30:18.021 [Test worker] DEBUG org.springframework.test.annotation.ProfileValueUtils - Retrieved @ProfileValueSourceConfiguration [null] for test class [bootJpaAws.web.IndexControllerTest]
19:30:18.022 [Test worker] DEBUG org.springframework.test.annotation.ProfileValueUtils - Retrieved ProfileValueSource type [class org.springframework.test.annotation.SystemProfileValueSource] for class [bootJpaAws.web.IndexControllerTest]
19:30:18.025 [Test worker] DEBUG org.springframework.test.annotation.ProfileValueUtils - Retrieved @ProfileValueSourceConfiguration [null] for test class [bootJpaAws.web.IndexControllerTest]
19:30:18.025 [Test worker] DEBUG org.springframework.test.annotation.ProfileValueUtils - Retrieved ProfileValueSource type [class org.springframework.test.annotation.SystemProfileValueSource] for class [bootJpaAws.web.IndexControllerTest]
19:30:18.026 [Test worker] DEBUG org.springframework.test.annotation.ProfileValueUtils - Retrieved @ProfileValueSourceConfiguration [null] for test class [bootJpaAws.web.IndexControllerTest]
19:30:18.026 [Test worker] DEBUG org.springframework.test.annotation.ProfileValueUtils - Retrieved ProfileValueSource type [class org.springframework.test.annotation.SystemProfileValueSource] for class [bootJpaAws.web.IndexControllerTest]
19:30:18.030 [Test worker] DEBUG org.springframework.test.context.support.AbstractDirtiesContextTestExecutionListener - Before test class: context [DefaultTestContext@4894063e testClass = IndexControllerTest, testInstance = [null], testMethod = [null], testException = [null], mergedContextConfiguration = [WebMergedContextConfiguration@5e621d5d testClass = IndexControllerTest, locations = '{}', classes = '{class bootJpaAws.Application}', contextInitializerClasses = '[]', activeProfiles = '{}', propertySourceLocations = '{}', propertySourceProperties = '{org.springframework.boot.test.context.SpringBootTestContextBootstrapper=true, server.port=0}', contextCustomizers = set[org.springframework.boot.test.autoconfigure.properties.PropertyMappingContextCustomizer@0, org.springframework.boot.test.autoconfigure.web.servlet.WebDriverContextCustomizerFactory$Customizer@73c3d94b, org.springframework.boot.test.context.filter.ExcludeFilterContextCustomizer@28eddf44, org.springframework.boot.test.json.DuplicateJsonObjectContextCustomizerFactory$DuplicateJsonObjectContextCustomizer@1668e5ec, org.springframework.boot.test.mock.mockito.MockitoContextCustomizer@0, org.springframework.boot.test.web.client.TestRestTemplateContextCustomizer@4ce51d27], resourceBasePath = 'src/main/webapp', contextLoader = 'org.springframework.boot.test.context.SpringBootContextLoader', parent = [null]], attributes = map['org.springframework.test.context.web.ServletTestExecutionListener.activateListener' -> false]], class annotated with @DirtiesContext [false] with mode [null].
19:30:18.031 [Test worker] DEBUG org.springframework.test.annotation.ProfileValueUtils - Retrieved @ProfileValueSourceConfiguration [null] for test class [bootJpaAws.web.IndexControllerTest]
19:30:18.031 [Test worker] DEBUG org.springframework.test.annotation.ProfileValueUtils - Retrieved ProfileValueSource type [class org.springframework.test.annotation.SystemProfileValueSource] for class [bootJpaAws.web.IndexControllerTest]
19:30:18.035 [Test worker] DEBUG org.springframework.test.context.support.DependencyInjectionTestExecutionListener - Performing dependency injection for test context [[DefaultTestContext@4894063e testClass = IndexControllerTest, testInstance = bootJpaAws.web.IndexControllerTest@49250000, testMethod = [null], testException = [null], mergedContextConfiguration = [WebMergedContextConfiguration@5e621d5d testClass = IndexControllerTest, locations = '{}', classes = '{class bootJpaAws.Application}', contextInitializerClasses = '[]', activeProfiles = '{}', propertySourceLocations = '{}', propertySourceProperties = '{org.springframework.boot.test.context.SpringBootTestContextBootstrapper=true, server.port=0}', contextCustomizers = set[org.springframework.boot.test.autoconfigure.properties.PropertyMappingContextCustomizer@0, org.springframework.boot.test.autoconfigure.web.servlet.WebDriverContextCustomizerFactory$Customizer@73c3d94b, org.springframework.boot.test.context.filter.ExcludeFilterContextCustomizer@28eddf44, org.springframework.boot.test.json.DuplicateJsonObjectContextCustomizerFactory$DuplicateJsonObjectContextCustomizer@1668e5ec, org.springframework.boot.test.mock.mockito.MockitoContextCustomizer@0, org.springframework.boot.test.web.client.TestRestTemplateContextCustomizer@4ce51d27], resourceBasePath = 'src/main/webapp', contextLoader = 'org.springframework.boot.test.context.SpringBootContextLoader', parent = [null]], attributes = map['org.springframework.test.context.web.ServletTestExecutionListener.activateListener' -> false]]].
19:30:18.058 [Test worker] DEBUG org.springframework.test.context.support.TestPropertySourceUtils - Adding inlined properties to environment: {spring.jmx.enabled=false, org.springframework.boot.test.context.SpringBootTestContextBootstrapper=true, server.port=0}

  .   ____          _            __ _ _
 /\\ / ___'_ __ _ _(_)_ __  __ _ \ \ \ \
( ( )\___ | '_ | '_| | '_ \/ _` | \ \ \ \
 \\/  ___)| |_)| | | | | || (_| |  ) ) ) )
  '  |____| .__|_| |_|_| |_\__, | / / / /
 =========|_|==============|___/=/_/_/_/
 :: Spring Boot ::        (v2.1.7.RELEASE)

2020-02-03 19:30:18.259  INFO 15451 --- [    Test worker] bootJpaAws.web.IndexControllerTest       : Starting IndexControllerTest on JUui-MacBook-Pro15.local with PID 15451 (started by jaeuk in /Users/jaeuk/development/git/bootJpaAwsPractice)
2020-02-03 19:30:18.261  INFO 15451 --- [    Test worker] bootJpaAws.web.IndexControllerTest       : No active profile set, falling back to default profiles: default
2020-02-03 19:30:18.892  INFO 15451 --- [    Test worker] .s.d.r.c.RepositoryConfigurationDelegate : Bootstrapping Spring Data repositories in DEFAULT mode.
2020-02-03 19:30:18.957  INFO 15451 --- [    Test worker] .s.d.r.c.RepositoryConfigurationDelegate : Finished Spring Data repository scanning in 59ms. Found 1 repository interfaces.
2020-02-03 19:30:19.347  INFO 15451 --- [    Test worker] trationDelegate$BeanPostProcessorChecker : Bean 'org.springframework.transaction.annotation.ProxyTransactionManagementConfiguration' of type [org.springframework.transaction.annotation.ProxyTransactionManagementConfiguration$$EnhancerBySpringCGLIB$$4dd556af] is not eligible for getting processed by all BeanPostProcessors (for example: not eligible for auto-proxying)
2020-02-03 19:30:19.720  INFO 15451 --- [    Test worker] o.s.b.w.embedded.tomcat.TomcatWebServer  : Tomcat initialized with port(s): 0 (http)
2020-02-03 19:30:19.744  INFO 15451 --- [    Test worker] o.apache.catalina.core.StandardService   : Starting service [Tomcat]
2020-02-03 19:30:19.745  INFO 15451 --- [    Test worker] org.apache.catalina.core.StandardEngine  : Starting Servlet engine: [Apache Tomcat/9.0.22]
2020-02-03 19:30:19.842  INFO 15451 --- [    Test worker] o.a.c.c.C.[Tomcat].[localhost].[/]       : Initializing Spring embedded WebApplicationContext
2020-02-03 19:30:19.843  INFO 15451 --- [    Test worker] o.s.web.context.ContextLoader            : Root WebApplicationContext: initialization completed in 1567 ms
2020-02-03 19:30:20.061  INFO 15451 --- [    Test worker] com.zaxxer.hikari.HikariDataSource       : HikariPool-1 - Starting...
2020-02-03 19:30:20.225  INFO 15451 --- [    Test worker] com.zaxxer.hikari.HikariDataSource       : HikariPool-1 - Start completed.
2020-02-03 19:30:20.311  INFO 15451 --- [    Test worker] o.hibernate.jpa.internal.util.LogHelper  : HHH000204: Processing PersistenceUnitInfo [
	name: default
	...]
2020-02-03 19:30:20.391  INFO 15451 --- [    Test worker] org.hibernate.Version                    : HHH000412: Hibernate Core {5.3.10.Final}
2020-02-03 19:30:20.392  INFO 15451 --- [    Test worker] org.hibernate.cfg.Environment            : HHH000206: hibernate.properties not found
2020-02-03 19:30:20.525  INFO 15451 --- [    Test worker] o.hibernate.annotations.common.Version   : HCANN000001: Hibernate Commons Annotations {5.0.4.Final}
2020-02-03 19:30:20.677  INFO 15451 --- [    Test worker] org.hibernate.dialect.Dialect            : HHH000400: Using dialect: org.hibernate.dialect.MySQL5InnoDBDialect
Hibernate: drop table if exists posts
Hibernate: create table posts (id bigint not null auto_increment, created_date datetime, modified_date datetime, author varchar(255), content TEXT not null, title varchar(500) not null, primary key (id)) engine=InnoDB
2020-02-03 19:30:21.196  INFO 15451 --- [    Test worker] o.h.t.schema.internal.SchemaCreatorImpl  : HHH000476: Executing import script 'org.hibernate.tool.schema.internal.exec.ScriptSourceInputNonExistentImpl@353c96e'
2020-02-03 19:30:21.199  INFO 15451 --- [    Test worker] j.LocalContainerEntityManagerFactoryBean : Initialized JPA EntityManagerFactory for persistence unit 'default'
2020-02-03 19:30:21.994  INFO 15451 --- [    Test worker] o.s.s.concurrent.ThreadPoolTaskExecutor  : Initializing ExecutorService 'applicationTaskExecutor'
2020-02-03 19:30:22.042  WARN 15451 --- [    Test worker] aWebConfiguration$JpaWebMvcConfiguration : spring.jpa.open-in-view is enabled by default. Therefore, database queries may be performed during view rendering. Explicitly configure spring.jpa.open-in-view to disable this warning
2020-02-03 19:30:22.086  INFO 15451 --- [    Test worker] o.s.b.a.w.s.WelcomePageHandlerMapping    : Adding welcome page template: index
2020-02-03 19:30:22.383  INFO 15451 --- [    Test worker] o.s.b.w.embedded.tomcat.TomcatWebServer  : Tomcat started on port(s): 55753 (http) with context path ''
2020-02-03 19:30:22.386  INFO 15451 --- [    Test worker] bootJpaAws.web.IndexControllerTest       : Started IndexControllerTest in 4.325 seconds (JVM running for 5.108)
2020-02-03 19:30:22.517  INFO 15451 --- [o-auto-1-exec-1] o.a.c.c.C.[Tomcat].[localhost].[/]       : Initializing Spring DispatcherServlet 'dispatcherServlet'
2020-02-03 19:30:22.517  INFO 15451 --- [o-auto-1-exec-1] o.s.web.servlet.DispatcherServlet        : Initializing Servlet 'dispatcherServlet'
2020-02-03 19:30:22.536  INFO 15451 --- [o-auto-1-exec-1] o.s.web.servlet.DispatcherServlet        : Completed initialization in 19 ms
]]></system-out>
  <system-err><![CDATA[]]></system-err>
</testsuite>
