<?xml version="1.0" encoding="UTF-8"?>
<testsuite name="bootJpaAws.web.IndexControllerTest" tests="1" skipped="0" failures="0" errors="0" timestamp="2020-02-04T12:59:19" hostname="JUui-MacBook-Pro15.local" time="0.235">
  <properties/>
  <testcase name="메인페이지_로딩" classname="bootJpaAws.web.IndexControllerTest" time="0.235"/>
  <system-out><![CDATA[2020-02-04 21:59:15.338  INFO 5299 --- [    Test worker] .b.t.c.SpringBootTestContextBootstrapper : Neither @ContextConfiguration nor @ContextHierarchy found for test class [bootJpaAws.web.IndexControllerTest], using SpringBootContextLoader
2020-02-04 21:59:15.338  INFO 5299 --- [    Test worker] o.s.t.c.support.AbstractContextLoader    : Could not detect default resource locations for test class [bootJpaAws.web.IndexControllerTest]: no resource found for suffixes {-context.xml, Context.groovy}.
2020-02-04 21:59:15.339  INFO 5299 --- [    Test worker] t.c.s.AnnotationConfigContextLoaderUtils : Could not detect default configuration classes for test class [bootJpaAws.web.IndexControllerTest]: IndexControllerTest does not declare any static, non-private, non-final, nested classes annotated with @Configuration.
2020-02-04 21:59:15.341  INFO 5299 --- [    Test worker] .b.t.c.SpringBootTestContextBootstrapper : Found @SpringBootConfiguration bootJpaAws.Application for test class bootJpaAws.web.IndexControllerTest
2020-02-04 21:59:15.343  INFO 5299 --- [    Test worker] .b.t.c.SpringBootTestContextBootstrapper : Loaded default TestExecutionListener class names from location [META-INF/spring.factories]: [org.springframework.security.test.context.support.WithSecurityContextTestExecutionListener, org.springframework.security.test.context.support.ReactorContextTestExecutionListener, org.springframework.boot.test.autoconfigure.restdocs.RestDocsTestExecutionListener, org.springframework.boot.test.autoconfigure.web.client.MockRestServiceServerResetTestExecutionListener, org.springframework.boot.test.autoconfigure.web.servlet.MockMvcPrintOnlyOnFailureTestExecutionListener, org.springframework.boot.test.autoconfigure.web.servlet.WebDriverTestExecutionListener, org.springframework.boot.test.mock.mockito.MockitoTestExecutionListener, org.springframework.boot.test.mock.mockito.ResetMocksTestExecutionListener, org.springframework.test.context.web.ServletTestExecutionListener, org.springframework.test.context.support.DirtiesContextBeforeModesTestExecutionListener, org.springframework.test.context.support.DependencyInjectionTestExecutionListener, org.springframework.test.context.support.DirtiesContextTestExecutionListener, org.springframework.test.context.transaction.TransactionalTestExecutionListener, org.springframework.test.context.jdbc.SqlScriptsTestExecutionListener]
2020-02-04 21:59:15.344  INFO 5299 --- [    Test worker] .b.t.c.SpringBootTestContextBootstrapper : Using TestExecutionListeners: [org.springframework.test.context.web.ServletTestExecutionListener@1515f311, org.springframework.test.context.support.DirtiesContextBeforeModesTestExecutionListener@2082540c, org.springframework.boot.test.mock.mockito.MockitoTestExecutionListener@69fbfe52, org.springframework.boot.test.autoconfigure.SpringBootDependencyInjectionTestExecutionListener@6aea372a, org.springframework.test.context.support.DirtiesContextTestExecutionListener@50ddcc1d, org.springframework.test.context.transaction.TransactionalTestExecutionListener@62cdc03e, org.springframework.test.context.jdbc.SqlScriptsTestExecutionListener@54f2bb5b, org.springframework.security.test.context.support.WithSecurityContextTestExecutionListener@6f9a9588, org.springframework.security.test.context.support.ReactorContextTestExecutionListener@51191142, org.springframework.boot.test.autoconfigure.restdocs.RestDocsTestExecutionListener@5d59f76f, org.springframework.boot.test.autoconfigure.web.client.MockRestServiceServerResetTestExecutionListener@1c30b7fc, org.springframework.boot.test.autoconfigure.web.servlet.MockMvcPrintOnlyOnFailureTestExecutionListener@273d5727, org.springframework.boot.test.autoconfigure.web.servlet.WebDriverTestExecutionListener@3eb7c183, org.springframework.boot.test.mock.mockito.ResetMocksTestExecutionListener@2cc7abb5]

  .   ____          _            __ _ _
 /\\ / ___'_ __ _ _(_)_ __  __ _ \ \ \ \
( ( )\___ | '_ | '_| | '_ \/ _` | \ \ \ \
 \\/  ___)| |_)| | | | | || (_| |  ) ) ) )
  '  |____| .__|_| |_|_| |_\__, | / / / /
 =========|_|==============|___/=/_/_/_/
 :: Spring Boot ::        (v2.1.7.RELEASE)

2020-02-04 21:59:15.374  INFO 5299 --- [    Test worker] bootJpaAws.web.IndexControllerTest       : Starting IndexControllerTest on JUui-MacBook-Pro15.local with PID 5299 (started by jaeuk in /Users/jaeuk/development/git/bootJpaAwsPractice)
2020-02-04 21:59:15.374  INFO 5299 --- [    Test worker] bootJpaAws.web.IndexControllerTest       : The following profiles are active: oauth
2020-02-04 21:59:15.678  INFO 5299 --- [    Test worker] .s.d.r.c.RepositoryConfigurationDelegate : Bootstrapping Spring Data repositories in DEFAULT mode.
2020-02-04 21:59:15.746  INFO 5299 --- [    Test worker] .s.d.r.c.RepositoryConfigurationDelegate : Finished Spring Data repository scanning in 59ms. Found 2 repository interfaces.
2020-02-04 21:59:16.018  INFO 5299 --- [    Test worker] trationDelegate$BeanPostProcessorChecker : Bean 'org.springframework.transaction.annotation.ProxyTransactionManagementConfiguration' of type [org.springframework.transaction.annotation.ProxyTransactionManagementConfiguration$$EnhancerBySpringCGLIB$$8796e7fc] is not eligible for getting processed by all BeanPostProcessors (for example: not eligible for auto-proxying)
2020-02-04 21:59:16.324  INFO 5299 --- [    Test worker] o.s.b.w.embedded.tomcat.TomcatWebServer  : Tomcat initialized with port(s): 0 (http)
2020-02-04 21:59:16.351  INFO 5299 --- [    Test worker] o.apache.catalina.core.StandardService   : Starting service [Tomcat]
2020-02-04 21:59:16.351  INFO 5299 --- [    Test worker] org.apache.catalina.core.StandardEngine  : Starting Servlet engine: [Apache Tomcat/9.0.22]
2020-02-04 21:59:16.456  INFO 5299 --- [    Test worker] o.a.c.c.C.[Tomcat].[localhost].[/]       : Initializing Spring embedded WebApplicationContext
2020-02-04 21:59:16.456  INFO 5299 --- [    Test worker] o.s.web.context.ContextLoader            : Root WebApplicationContext: initialization completed in 1080 ms
2020-02-04 21:59:16.663  INFO 5299 --- [    Test worker] com.zaxxer.hikari.HikariDataSource       : HikariPool-1 - Starting...
2020-02-04 21:59:16.833  INFO 5299 --- [    Test worker] com.zaxxer.hikari.HikariDataSource       : HikariPool-1 - Start completed.
2020-02-04 21:59:16.925  INFO 5299 --- [    Test worker] o.hibernate.jpa.internal.util.LogHelper  : HHH000204: Processing PersistenceUnitInfo [
	name: default
	...]
2020-02-04 21:59:16.998  INFO 5299 --- [    Test worker] org.hibernate.Version                    : HHH000412: Hibernate Core {5.3.10.Final}
2020-02-04 21:59:17.000  INFO 5299 --- [    Test worker] org.hibernate.cfg.Environment            : HHH000206: hibernate.properties not found
2020-02-04 21:59:17.046  INFO 5299 --- [    Test worker] o.hibernate.annotations.common.Version   : HCANN000001: Hibernate Commons Annotations {5.0.4.Final}
2020-02-04 21:59:17.205  INFO 5299 --- [    Test worker] org.hibernate.dialect.Dialect            : HHH000400: Using dialect: org.hibernate.dialect.MySQL5InnoDBDialect
Hibernate: drop table if exists posts
Hibernate: drop table if exists user
Hibernate: create table posts (id bigint not null auto_increment, created_date datetime, modified_date datetime, author varchar(255), content TEXT not null, title varchar(500) not null, primary key (id)) engine=InnoDB
Hibernate: create table user (id bigint not null auto_increment, created_date datetime, modified_date datetime, email varchar(255) not null, name varchar(255) not null, picture varchar(255), role varchar(255) not null, primary key (id)) engine=InnoDB
2020-02-04 21:59:18.070  INFO 5299 --- [    Test worker] o.h.t.schema.internal.SchemaCreatorImpl  : HHH000476: Executing import script 'org.hibernate.tool.schema.internal.exec.ScriptSourceInputNonExistentImpl@7f3ac820'
2020-02-04 21:59:18.073  INFO 5299 --- [    Test worker] j.LocalContainerEntityManagerFactoryBean : Initialized JPA EntityManagerFactory for persistence unit 'default'
2020-02-04 21:59:18.712  INFO 5299 --- [    Test worker] o.h.h.i.QueryTranslatorFactoryInitiator  : HHH000397: Using ASTQueryTranslatorFactory
2020-02-04 21:59:19.014  INFO 5299 --- [    Test worker] o.s.s.web.DefaultSecurityFilterChain     : Creating filter chain: any request, [org.springframework.security.web.context.request.async.WebAsyncManagerIntegrationFilter@2952951d, org.springframework.security.web.context.SecurityContextPersistenceFilter@542f2252, org.springframework.security.web.header.HeaderWriterFilter@5d7323be, org.springframework.security.web.authentication.logout.LogoutFilter@20b9eb3b, org.springframework.security.oauth2.client.web.OAuth2AuthorizationRequestRedirectFilter@6320ab7a, org.springframework.security.oauth2.client.web.OAuth2LoginAuthenticationFilter@274fced6, org.springframework.security.web.authentication.ui.DefaultLoginPageGeneratingFilter@da9756e, org.springframework.security.web.authentication.ui.DefaultLogoutPageGeneratingFilter@61a0d140, org.springframework.security.web.savedrequest.RequestCacheAwareFilter@b49dff6, org.springframework.security.web.servletapi.SecurityContextHolderAwareRequestFilter@4fe363f2, org.springframework.security.web.authentication.AnonymousAuthenticationFilter@38408adc, org.springframework.security.web.session.SessionManagementFilter@5bf33f67, org.springframework.security.web.access.ExceptionTranslationFilter@2a8eb6ef, org.springframework.security.web.access.intercept.FilterSecurityInterceptor@458fe538]
2020-02-04 21:59:19.179  INFO 5299 --- [    Test worker] o.s.s.concurrent.ThreadPoolTaskExecutor  : Initializing ExecutorService 'applicationTaskExecutor'
2020-02-04 21:59:19.194  WARN 5299 --- [    Test worker] aWebConfiguration$JpaWebMvcConfiguration : spring.jpa.open-in-view is enabled by default. Therefore, database queries may be performed during view rendering. Explicitly configure spring.jpa.open-in-view to disable this warning
2020-02-04 21:59:19.224  INFO 5299 --- [    Test worker] o.s.b.a.w.s.WelcomePageHandlerMapping    : Adding welcome page template: index
2020-02-04 21:59:19.515  INFO 5299 --- [    Test worker] s.a.ScheduledAnnotationBeanPostProcessor : No TaskScheduler/ScheduledExecutorService bean found for scheduled processing
2020-02-04 21:59:19.543  INFO 5299 --- [    Test worker] o.s.b.w.embedded.tomcat.TomcatWebServer  : Tomcat started on port(s): 53189 (http) with context path ''
2020-02-04 21:59:19.544  INFO 5299 --- [    Test worker] bootJpaAws.web.IndexControllerTest       : Started IndexControllerTest in 4.199 seconds (JVM running for 7.49)
2020-02-04 21:59:19.654  INFO 5299 --- [o-auto-1-exec-1] o.a.c.c.C.[Tomcat].[localhost].[/]       : Initializing Spring DispatcherServlet 'dispatcherServlet'
2020-02-04 21:59:19.655  INFO 5299 --- [o-auto-1-exec-1] o.s.web.servlet.DispatcherServlet        : Initializing Servlet 'dispatcherServlet'
2020-02-04 21:59:19.670  INFO 5299 --- [o-auto-1-exec-1] o.s.web.servlet.DispatcherServlet        : Completed initialization in 15 ms
Hibernate: select posts0_.id as id1_0_, posts0_.created_date as created_2_0_, posts0_.modified_date as modified3_0_, posts0_.author as author4_0_, posts0_.content as content5_0_, posts0_.title as title6_0_ from posts posts0_ order by posts0_.id DESC
]]></system-out>
  <system-err><![CDATA[]]></system-err>
</testsuite>
