<?xml version="1.0" encoding="UTF-8"?>
<testsuite name="bootJpaAws.web.dto.HelloResponseDtoTest" tests="1" skipped="0" failures="0" errors="0" timestamp="2020-02-04T12:59:12" hostname="JUui-MacBook-Pro15.local" time="0.041">
  <properties/>
  <testcase name="롬복_테스트" classname="bootJpaAws.web.dto.HelloResponseDtoTest" time="0.041"/>
  <system-out><![CDATA[]]></system-out>
  <system-err><![CDATA[]]></system-err>
</testsuite>
