<?xml version="1.0" encoding="UTF-8"?>
<testsuite name="bootJpaAws.web.HelloControllerTest" tests="2" skipped="0" failures="0" errors="0" timestamp="2020-02-04T12:59:15" hostname="JUui-MacBook-Pro15.local" time="0.276">
  <properties/>
  <testcase name="hello가_리턴된다" classname="bootJpaAws.web.HelloControllerTest" time="0.202"/>
  <testcase name="helloDto가_리턴된다" classname="bootJpaAws.web.HelloControllerTest" time="0.074"/>
  <system-out><![CDATA[21:59:12.657 [Test worker] DEBUG org.springframework.test.context.junit4.SpringJUnit4ClassRunner - SpringJUnit4ClassRunner constructor called with [class bootJpaAws.web.HelloControllerTest]
21:59:12.662 [Test worker] DEBUG org.springframework.test.context.BootstrapUtils - Instantiating CacheAwareContextLoaderDelegate from class [org.springframework.test.context.cache.DefaultCacheAwareContextLoaderDelegate]
21:59:12.669 [Test worker] DEBUG org.springframework.test.context.BootstrapUtils - Instantiating BootstrapContext using constructor [public org.springframework.test.context.support.DefaultBootstrapContext(java.lang.Class,org.springframework.test.context.CacheAwareContextLoaderDelegate)]
21:59:12.687 [Test worker] DEBUG org.springframework.test.context.BootstrapUtils - Instantiating TestContextBootstrapper for test class [bootJpaAws.web.HelloControllerTest] from class [org.springframework.boot.test.autoconfigure.web.servlet.WebMvcTestContextBootstrapper]
21:59:12.703 [Test worker] INFO org.springframework.boot.test.autoconfigure.web.servlet.WebMvcTestContextBootstrapper - Neither @ContextConfiguration nor @ContextHierarchy found for test class [bootJpaAws.web.HelloControllerTest], using SpringBootContextLoader
21:59:12.706 [Test worker] DEBUG org.springframework.test.context.support.AbstractContextLoader - Did not detect default resource location for test class [bootJpaAws.web.HelloControllerTest]: class path resource [bootJpaAws/web/HelloControllerTest-context.xml] does not exist
21:59:12.706 [Test worker] DEBUG org.springframework.test.context.support.AbstractContextLoader - Did not detect default resource location for test class [bootJpaAws.web.HelloControllerTest]: class path resource [bootJpaAws/web/HelloControllerTestContext.groovy] does not exist
21:59:12.706 [Test worker] INFO org.springframework.test.context.support.AbstractContextLoader - Could not detect default resource locations for test class [bootJpaAws.web.HelloControllerTest]: no resource found for suffixes {-context.xml, Context.groovy}.
21:59:12.707 [Test worker] INFO org.springframework.test.context.support.AnnotationConfigContextLoaderUtils - Could not detect default configuration classes for test class [bootJpaAws.web.HelloControllerTest]: HelloControllerTest does not declare any static, non-private, non-final, nested classes annotated with @Configuration.
21:59:12.760 [Test worker] DEBUG org.springframework.test.context.support.ActiveProfilesUtils - Could not find an 'annotation declaring class' for annotation type [org.springframework.test.context.ActiveProfiles] and class [bootJpaAws.web.HelloControllerTest]
21:59:12.828 [Test worker] DEBUG org.springframework.context.annotation.ClassPathScanningCandidateComponentProvider - Identified candidate component class: file [/Users/jaeuk/development/git/bootJpaAwsPractice/build/classes/java/main/bootJpaAws/Application.class]
21:59:12.829 [Test worker] INFO org.springframework.boot.test.context.SpringBootTestContextBootstrapper - Found @SpringBootConfiguration bootJpaAws.Application for test class bootJpaAws.web.HelloControllerTest
21:59:12.831 [Test worker] DEBUG org.springframework.boot.test.autoconfigure.web.servlet.WebMvcTestContextBootstrapper - @TestExecutionListeners is not present for class [bootJpaAws.web.HelloControllerTest]: using defaults.
21:59:12.831 [Test worker] INFO org.springframework.boot.test.autoconfigure.web.servlet.WebMvcTestContextBootstrapper - Loaded default TestExecutionListener class names from location [META-INF/spring.factories]: [org.springframework.security.test.context.support.WithSecurityContextTestExecutionListener, org.springframework.security.test.context.support.ReactorContextTestExecutionListener, org.springframework.boot.test.autoconfigure.restdocs.RestDocsTestExecutionListener, org.springframework.boot.test.autoconfigure.web.client.MockRestServiceServerResetTestExecutionListener, org.springframework.boot.test.autoconfigure.web.servlet.MockMvcPrintOnlyOnFailureTestExecutionListener, org.springframework.boot.test.autoconfigure.web.servlet.WebDriverTestExecutionListener, org.springframework.boot.test.mock.mockito.MockitoTestExecutionListener, org.springframework.boot.test.mock.mockito.ResetMocksTestExecutionListener, org.springframework.test.context.web.ServletTestExecutionListener, org.springframework.test.context.support.DirtiesContextBeforeModesTestExecutionListener, org.springframework.test.context.support.DependencyInjectionTestExecutionListener, org.springframework.test.context.support.DirtiesContextTestExecutionListener, org.springframework.test.context.transaction.TransactionalTestExecutionListener, org.springframework.test.context.jdbc.SqlScriptsTestExecutionListener]
21:59:12.855 [Test worker] INFO org.springframework.boot.test.autoconfigure.web.servlet.WebMvcTestContextBootstrapper - Using TestExecutionListeners: [org.springframework.test.context.web.ServletTestExecutionListener@15e3e66f, org.springframework.test.context.support.DirtiesContextBeforeModesTestExecutionListener@27949193, org.springframework.boot.test.mock.mockito.MockitoTestExecutionListener@31bd0d67, org.springframework.boot.test.autoconfigure.SpringBootDependencyInjectionTestExecutionListener@70767fa3, org.springframework.test.context.support.DirtiesContextTestExecutionListener@7aac2f5c, org.springframework.test.context.transaction.TransactionalTestExecutionListener@79b72193, org.springframework.test.context.jdbc.SqlScriptsTestExecutionListener@2038ddf7, org.springframework.security.test.context.support.WithSecurityContextTestExecutionListener@63f02534, org.springframework.security.test.context.support.ReactorContextTestExecutionListener@78bd20d9, org.springframework.boot.test.autoconfigure.restdocs.RestDocsTestExecutionListener@38462de4, org.springframework.boot.test.autoconfigure.web.client.MockRestServiceServerResetTestExecutionListener@5ef7987e, org.springframework.boot.test.autoconfigure.web.servlet.MockMvcPrintOnlyOnFailureTestExecutionListener@3c4ccf11, org.springframework.boot.test.autoconfigure.web.servlet.WebDriverTestExecutionListener@2d669ba9, org.springframework.boot.test.mock.mockito.ResetMocksTestExecutionListener@2446aaec]
21:59:12.857 [Test worker] DEBUG org.springframework.test.annotation.ProfileValueUtils - Retrieved @ProfileValueSourceConfiguration [null] for test class [bootJpaAws.web.HelloControllerTest]
21:59:12.857 [Test worker] DEBUG org.springframework.test.annotation.ProfileValueUtils - Retrieved ProfileValueSource type [class org.springframework.test.annotation.SystemProfileValueSource] for class [bootJpaAws.web.HelloControllerTest]
21:59:12.857 [Test worker] DEBUG org.springframework.test.annotation.ProfileValueUtils - Retrieved @ProfileValueSourceConfiguration [null] for test class [bootJpaAws.web.HelloControllerTest]
21:59:12.858 [Test worker] DEBUG org.springframework.test.annotation.ProfileValueUtils - Retrieved ProfileValueSource type [class org.springframework.test.annotation.SystemProfileValueSource] for class [bootJpaAws.web.HelloControllerTest]
21:59:12.861 [Test worker] DEBUG org.springframework.test.context.support.AbstractDirtiesContextTestExecutionListener - Before test class: context [DefaultTestContext@70e7990a testClass = HelloControllerTest, testInstance = [null], testMethod = [null], testException = [null], mergedContextConfiguration = [WebMergedContextConfiguration@6c8d1539 testClass = HelloControllerTest, locations = '{}', classes = '{class bootJpaAws.Application}', contextInitializerClasses = '[]', activeProfiles = '{}', propertySourceLocations = '{}', propertySourceProperties = '{org.springframework.boot.test.autoconfigure.web.servlet.WebMvcTestContextBootstrapper=true}', contextCustomizers = set[org.springframework.boot.test.autoconfigure.OverrideAutoConfigurationContextCustomizerFactory$DisableAutoConfigurationContextCustomizer@4d38e88a, org.springframework.boot.test.autoconfigure.filter.TypeExcludeFiltersContextCustomizer@f43e0da0, org.springframework.boot.test.autoconfigure.properties.PropertyMappingContextCustomizer@c194dd76, org.springframework.boot.test.autoconfigure.web.servlet.WebDriverContextCustomizerFactory$Customizer@4f9550c9, [ImportsContextCustomizer@4d471a55 key = [org.springframework.boot.autoconfigure.cache.CacheAutoConfiguration, org.springframework.boot.autoconfigure.context.MessageSourceAutoConfiguration, org.springframework.boot.autoconfigure.data.web.SpringDataWebAutoConfiguration, org.springframework.boot.autoconfigure.freemarker.FreeMarkerAutoConfiguration, org.springframework.boot.autoconfigure.groovy.template.GroovyTemplateAutoConfiguration, org.springframework.boot.autoconfigure.gson.GsonAutoConfiguration, org.springframework.boot.autoconfigure.hateoas.HypermediaAutoConfiguration, org.springframework.boot.autoconfigure.http.HttpMessageConvertersAutoConfiguration, org.springframework.boot.autoconfigure.jackson.JacksonAutoConfiguration, org.springframework.boot.autoconfigure.jsonb.JsonbAutoConfiguration, org.springframework.boot.autoconfigure.mustache.MustacheAutoConfiguration, org.springframework.boot.autoconfigure.task.TaskExecutionAutoConfiguration, org.springframework.boot.autoconfigure.thymeleaf.ThymeleafAutoConfiguration, org.springframework.boot.autoconfigure.validation.ValidationAutoConfiguration, org.springframework.boot.autoconfigure.web.servlet.error.ErrorMvcAutoConfiguration, org.springframework.boot.autoconfigure.web.servlet.WebMvcAutoConfiguration, org.springframework.boot.test.autoconfigure.web.servlet.MockMvcAutoConfiguration, org.springframework.boot.test.autoconfigure.web.servlet.MockMvcSecurityAutoConfiguration, org.springframework.boot.test.autoconfigure.web.servlet.MockMvcWebClientAutoConfiguration, org.springframework.boot.test.autoconfigure.web.servlet.MockMvcWebDriverAutoConfiguration]], org.springframework.boot.test.context.filter.ExcludeFilterContextCustomizer@4dcf21d5, org.springframework.boot.test.json.DuplicateJsonObjectContextCustomizerFactory$DuplicateJsonObjectContextCustomizer@1f59cfe7, org.springframework.boot.test.mock.mockito.MockitoContextCustomizer@0], resourceBasePath = 'src/main/webapp', contextLoader = 'org.springframework.boot.test.context.SpringBootContextLoader', parent = [null]], attributes = map[[empty]]], class annotated with @DirtiesContext [false] with mode [null].
21:59:12.861 [Test worker] DEBUG org.springframework.test.annotation.ProfileValueUtils - Retrieved @ProfileValueSourceConfiguration [null] for test class [bootJpaAws.web.HelloControllerTest]
21:59:12.861 [Test worker] DEBUG org.springframework.test.annotation.ProfileValueUtils - Retrieved ProfileValueSource type [class org.springframework.test.annotation.SystemProfileValueSource] for class [bootJpaAws.web.HelloControllerTest]
21:59:12.864 [Test worker] DEBUG org.springframework.test.context.support.DependencyInjectionTestExecutionListener - Performing dependency injection for test context [[DefaultTestContext@70e7990a testClass = HelloControllerTest, testInstance = bootJpaAws.web.HelloControllerTest@21645834, testMethod = [null], testException = [null], mergedContextConfiguration = [WebMergedContextConfiguration@6c8d1539 testClass = HelloControllerTest, locations = '{}', classes = '{class bootJpaAws.Application}', contextInitializerClasses = '[]', activeProfiles = '{}', propertySourceLocations = '{}', propertySourceProperties = '{org.springframework.boot.test.autoconfigure.web.servlet.WebMvcTestContextBootstrapper=true}', contextCustomizers = set[org.springframework.boot.test.autoconfigure.OverrideAutoConfigurationContextCustomizerFactory$DisableAutoConfigurationContextCustomizer@4d38e88a, org.springframework.boot.test.autoconfigure.filter.TypeExcludeFiltersContextCustomizer@f43e0da0, org.springframework.boot.test.autoconfigure.properties.PropertyMappingContextCustomizer@c194dd76, org.springframework.boot.test.autoconfigure.web.servlet.WebDriverContextCustomizerFactory$Customizer@4f9550c9, [ImportsContextCustomizer@4d471a55 key = [org.springframework.boot.autoconfigure.cache.CacheAutoConfiguration, org.springframework.boot.autoconfigure.context.MessageSourceAutoConfiguration, org.springframework.boot.autoconfigure.data.web.SpringDataWebAutoConfiguration, org.springframework.boot.autoconfigure.freemarker.FreeMarkerAutoConfiguration, org.springframework.boot.autoconfigure.groovy.template.GroovyTemplateAutoConfiguration, org.springframework.boot.autoconfigure.gson.GsonAutoConfiguration, org.springframework.boot.autoconfigure.hateoas.HypermediaAutoConfiguration, org.springframework.boot.autoconfigure.http.HttpMessageConvertersAutoConfiguration, org.springframework.boot.autoconfigure.jackson.JacksonAutoConfiguration, org.springframework.boot.autoconfigure.jsonb.JsonbAutoConfiguration, org.springframework.boot.autoconfigure.mustache.MustacheAutoConfiguration, org.springframework.boot.autoconfigure.task.TaskExecutionAutoConfiguration, org.springframework.boot.autoconfigure.thymeleaf.ThymeleafAutoConfiguration, org.springframework.boot.autoconfigure.validation.ValidationAutoConfiguration, org.springframework.boot.autoconfigure.web.servlet.error.ErrorMvcAutoConfiguration, org.springframework.boot.autoconfigure.web.servlet.WebMvcAutoConfiguration, org.springframework.boot.test.autoconfigure.web.servlet.MockMvcAutoConfiguration, org.springframework.boot.test.autoconfigure.web.servlet.MockMvcSecurityAutoConfiguration, org.springframework.boot.test.autoconfigure.web.servlet.MockMvcWebClientAutoConfiguration, org.springframework.boot.test.autoconfigure.web.servlet.MockMvcWebDriverAutoConfiguration]], org.springframework.boot.test.context.filter.ExcludeFilterContextCustomizer@4dcf21d5, org.springframework.boot.test.json.DuplicateJsonObjectContextCustomizerFactory$DuplicateJsonObjectContextCustomizer@1f59cfe7, org.springframework.boot.test.mock.mockito.MockitoContextCustomizer@0], resourceBasePath = 'src/main/webapp', contextLoader = 'org.springframework.boot.test.context.SpringBootContextLoader', parent = [null]], attributes = map[[empty]]]].
21:59:12.953 [Test worker] DEBUG org.springframework.test.context.support.TestPropertySourceUtils - Adding inlined properties to environment: {spring.jmx.enabled=false, org.springframework.boot.test.autoconfigure.web.servlet.WebMvcTestContextBootstrapper=true, server.port=-1}

  .   ____          _            __ _ _
 /\\ / ___'_ __ _ _(_)_ __  __ _ \ \ \ \
( ( )\___ | '_ | '_| | '_ \/ _` | \ \ \ \
 \\/  ___)| |_)| | | | | || (_| |  ) ) ) )
  '  |____| .__|_| |_|_| |_\__, | / / / /
 =========|_|==============|___/=/_/_/_/
 :: Spring Boot ::        (v2.1.7.RELEASE)

2020-02-04 21:59:13.179  INFO 5299 --- [    Test worker] bootJpaAws.web.HelloControllerTest       : Starting HelloControllerTest on JUui-MacBook-Pro15.local with PID 5299 (started by jaeuk in /Users/jaeuk/development/git/bootJpaAwsPractice)
2020-02-04 21:59:13.180  INFO 5299 --- [    Test worker] bootJpaAws.web.HelloControllerTest       : The following profiles are active: oauth
2020-02-04 21:59:14.412  INFO 5299 --- [    Test worker] o.s.s.concurrent.ThreadPoolTaskExecutor  : Initializing ExecutorService 'applicationTaskExecutor'
2020-02-04 21:59:14.497  INFO 5299 --- [    Test worker] o.s.b.a.w.s.WelcomePageHandlerMapping    : Adding welcome page template: index
2020-02-04 21:59:14.808  INFO 5299 --- [    Test worker] .s.s.UserDetailsServiceAutoConfiguration : 

Using generated security password: 6f303661-997d-40da-879f-c0e599e62c46

2020-02-04 21:59:14.962  INFO 5299 --- [    Test worker] o.s.s.web.DefaultSecurityFilterChain     : Creating filter chain: any request, [org.springframework.security.web.context.request.async.WebAsyncManagerIntegrationFilter@2ba8f8bd, org.springframework.security.web.context.SecurityContextPersistenceFilter@34c7fd20, org.springframework.security.web.header.HeaderWriterFilter@7faa69d1, org.springframework.security.web.csrf.CsrfFilter@6591a66f, org.springframework.security.web.authentication.logout.LogoutFilter@2abdd597, org.springframework.security.web.authentication.UsernamePasswordAuthenticationFilter@461b1ac4, org.springframework.security.web.authentication.ui.DefaultLoginPageGeneratingFilter@1a469b52, org.springframework.security.web.authentication.ui.DefaultLogoutPageGeneratingFilter@b8a0181, org.springframework.security.web.authentication.www.BasicAuthenticationFilter@53f6648b, org.springframework.security.web.savedrequest.RequestCacheAwareFilter@b54b6d7, org.springframework.security.web.servletapi.SecurityContextHolderAwareRequestFilter@3a3e7477, org.springframework.security.web.authentication.AnonymousAuthenticationFilter@33389e1f, org.springframework.security.web.session.SessionManagementFilter@d8623a8, org.springframework.security.web.access.ExceptionTranslationFilter@1e2327, org.springframework.security.web.access.intercept.FilterSecurityInterceptor@6bbcceb4]
2020-02-04 21:59:14.997  INFO 5299 --- [    Test worker] o.s.b.t.m.w.SpringBootMockServletContext : Initializing Spring TestDispatcherServlet ''
2020-02-04 21:59:14.998  INFO 5299 --- [    Test worker] o.s.t.web.servlet.TestDispatcherServlet  : Initializing Servlet ''
2020-02-04 21:59:15.009  INFO 5299 --- [    Test worker] o.s.t.web.servlet.TestDispatcherServlet  : Completed initialization in 11 ms
2020-02-04 21:59:15.052  INFO 5299 --- [    Test worker] bootJpaAws.web.HelloControllerTest       : Started HelloControllerTest in 2.092 seconds (JVM running for 2.998)
]]></system-out>
  <system-err><![CDATA[]]></system-err>
</testsuite>
